TN:
SF:src\app.ts
FNF:0
FNH:0
DA:1,1
DA:2,1
DA:3,1
DA:4,1
DA:6,1
DA:8,1
DA:10,1
DA:12,1
DA:14,1
LF:9
LH:9
BRF:0
BRH:0
end_of_record
TN:
SF:src\domain-layer\entities\Drug.ts
FN:20,(anonymous_2)
FNF:1
FNH:1
FNDA:15,(anonymous_2)
DA:1,1
DA:4,1
DA:6,1
DA:9,1
DA:12,1
DA:15,1
DA:18,1
DA:21,15
DA:22,15
DA:23,15
DA:24,15
DA:25,15
LF:12
LH:12
BRF:0
BRH:0
end_of_record
TN:
SF:src\persistence-layer\DatabaseConnection.ts
FN:9,(anonymous_8)
FN:22,(anonymous_9)
FN:26,(anonymous_10)
FN:34,(anonymous_12)
FNF:4
FNH:0
FNDA:0,(anonymous_8)
FNDA:0,(anonymous_9)
FNDA:0,(anonymous_10)
FNDA:0,(anonymous_12)
DA:1,1
DA:2,1
DA:4,1
DA:10,0
DA:23,0
DA:27,0
DA:28,0
DA:29,0
DA:31,0
DA:35,0
LF:10
LH:3
BRDA:27,0,0,0
BRDA:27,0,1,0
BRF:2
BRH:0
end_of_record
TN:
SF:src\service-layer\controllers\BaseController.ts
FN:8,(anonymous_0)
FN:17,(anonymous_1)
FN:21,(anonymous_2)
FNF:3
FNH:3
FNDA:1,(anonymous_0)
FNDA:1,(anonymous_1)
FNDA:14,(anonymous_2)
DA:1,1
DA:3,1
DA:9,1
DA:10,1
DA:12,1
DA:18,1
DA:22,14
DA:24,14
DA:25,5
DA:27,9
LF:10
LH:10
BRDA:24,0,0,5
BRDA:24,0,1,9
BRF:2
BRH:2
end_of_record
TN:
SF:src\service-layer\controllers\DrugsController.ts
FN:10,(anonymous_8)
FN:14,(anonymous_9)
FN:22,(anonymous_10)
FN:34,(anonymous_12)
FN:51,(anonymous_14)
FN:65,(anonymous_16)
FN:83,(anonymous_18)
FNF:7
FNH:7
FNDA:1,(anonymous_8)
FNDA:1,(anonymous_9)
FNDA:4,(anonymous_10)
FNDA:3,(anonymous_12)
FNDA:2,(anonymous_14)
FNDA:3,(anonymous_16)
FNDA:2,(anonymous_18)
DA:2,1
DA:3,1
DA:4,1
DA:5,1
DA:6,1
DA:7,1
DA:9,1
DA:11,1
DA:15,1
DA:16,1
DA:17,1
DA:18,1
DA:19,1
DA:23,4
DA:24,4
DA:26,4
DA:28,2
DA:30,2
DA:35,3
DA:36,3
DA:37,3
DA:39,3
DA:41,1
DA:43,2
DA:44,1
DA:46,1
DA:52,2
DA:53,2
DA:55,2
DA:57,2
DA:59,1
DA:61,1
DA:66,3
DA:67,3
DA:69,3
DA:71,3
DA:73,1
DA:75,2
DA:76,1
DA:78,1
DA:84,2
DA:85,2
DA:86,2
DA:88,2
DA:90,1
DA:92,1
LF:46
LH:46
BRDA:43,0,0,1
BRDA:43,0,1,1
BRDA:75,1,0,1
BRDA:75,1,1,1
BRF:4
BRH:4
end_of_record
TN:
SF:src\service-layer\tasks\AddDrugTask.ts
FN:15,(anonymous_8)
FN:19,(anonymous_9)
FNF:2
FNH:2
FNDA:1,(anonymous_8)
FNDA:1,(anonymous_9)
DA:1,1
DA:2,1
DA:12,1
DA:16,1
DA:20,1
DA:21,1
DA:23,1
DA:24,1
LF:8
LH:8
BRF:0
BRH:0
end_of_record
TN:
SF:src\service-layer\tasks\DeleteDrugTask.ts
FN:8,(anonymous_8)
FN:13,(anonymous_9)
FNF:2
FNH:2
FNDA:1,(anonymous_8)
FNDA:1,(anonymous_9)
DA:1,1
DA:2,1
DA:5,1
DA:9,1
DA:14,1
DA:15,1
DA:17,1
LF:7
LH:7
BRF:0
BRH:0
end_of_record
TN:
SF:src\service-layer\tasks\FindDrugTask.ts
FN:8,(anonymous_8)
FN:12,(anonymous_9)
FNF:2
FNH:2
FNDA:2,(anonymous_8)
FNDA:2,(anonymous_9)
DA:1,1
DA:2,1
DA:5,1
DA:9,2
DA:13,2
DA:14,2
DA:16,2
DA:18,2
DA:19,1
DA:22,1
LF:10
LH:10
BRDA:18,0,0,1
BRDA:18,0,1,1
BRF:2
BRH:2
end_of_record
TN:
SF:src\service-layer\tasks\GetDrugListTask.ts
FN:6,(anonymous_8)
FNF:1
FNH:1
FNDA:1,(anonymous_8)
DA:1,1
DA:2,1
DA:5,1
DA:7,1
DA:8,1
DA:9,1
LF:6
LH:6
BRF:0
BRH:0
end_of_record
TN:
SF:src\service-layer\tasks\UpdateDrugTask.ts
FN:17,(anonymous_8)
FN:21,(anonymous_9)
FNF:2
FNH:2
FNDA:1,(anonymous_8)
FNDA:1,(anonymous_9)
DA:1,1
DA:2,1
DA:3,1
DA:14,1
DA:18,1
DA:22,1
DA:24,1
DA:26,1
DA:27,1
DA:28,1
DA:29,1
DA:31,1
DA:32,1
DA:34,1
DA:36,1
LF:15
LH:15
BRF:0
BRH:0
end_of_record
